[INFO] Scanning for projects...
[INFO] 
[INFO] --------------------< com.nexusgate:config-service >--------------------
[INFO] Building config-service 0.0.1-SNAPSHOT
[INFO]   from pom.xml
[INFO] --------------------------------[ jar ]---------------------------------
[INFO] 
[INFO] >>> spring-boot:4.0.1:run (default-cli) > test-compile @ config-service >>>
[INFO] 
[INFO] --- resources:3.3.1:resources (default-resources) @ config-service ---
[INFO] Copying 1 resource from src/main/resources to target/classes
[INFO] Copying 0 resource from src/main/resources to target/classes
[INFO] 
[INFO] --- compiler:3.14.1:compile (default-compile) @ config-service ---
[INFO] Recompiling the module because of added or removed source files.
[INFO] Compiling 31 source files with javac [debug parameters release 21] to target/classes
[INFO] 
[INFO] --- resources:3.3.1:testResources (default-testResources) @ config-service ---
[INFO] skip non existing resourceDirectory /Users/krish/Desktop/NexusGate-ApiGateway/backend/config-service/src/test/resources
[INFO] 
[INFO] --- compiler:3.14.1:testCompile (default-testCompile) @ config-service ---
[INFO] Recompiling the module because of changed dependency.
[INFO] Compiling 1 source file with javac [debug parameters release 21] to target/test-classes
[INFO] 
[INFO] <<< spring-boot:4.0.1:run (default-cli) < test-compile @ config-service <<<
[INFO] 
[INFO] 
[INFO] --- spring-boot:4.0.1:run (default-cli) @ config-service ---
[INFO] Attaching agents: []

  .   ____          _            __ _ _
 /\\ / ___'_ __ _ _(_)_ __  __ _ \ \ \ \
( ( )\___ | '_ | '_| | '_ \/ _` | \ \ \ \
 \\/  ___)| |_)| | | | | || (_| |  ) ) ) )
  '  |____| .__|_| |_|_| |_\__, | / / / /
 =========|_|==============|___/=/_/_/_/

 :: Spring Boot ::                (v4.0.1)

2026-01-21 19:29:31 - Starting ConfigServiceApplication using Java 21.0.9 with PID 87366 (/Users/krish/Desktop/NexusGate-ApiGateway/backend/config-service/target/classes started by krish in /Users/krish/Desktop/NexusGate-ApiGateway/backend/config-service)
2026-01-21 19:29:31 - Running with Spring Boot v4.0.1, Spring v7.0.2
2026-01-21 19:29:31 - No active profile set, falling back to 1 default profile: "default"
2026-01-21 19:29:31 - Bootstrapping Spring Data JPA repositories in DEFAULT mode.
2026-01-21 19:29:31 - Finished Spring Data repository scanning in 14 ms. Found 4 JPA repository interfaces.
2026-01-21 19:29:31 - Tomcat initialized with port 8082 (http)
2026-01-21 19:29:31 - Starting service [Tomcat]
2026-01-21 19:29:31 - Starting Servlet engine: [Apache Tomcat/11.0.15]
2026-01-21 19:29:31 - Root WebApplicationContext: initialization completed in 400 ms
2026-01-21 19:29:31 - HHH008540: Processing PersistenceUnitInfo [name: default]
2026-01-21 19:29:31 - HHH000001: Hibernate ORM core version 7.2.0.Final
2026-01-21 19:29:32 - No LoadTimeWeaver setup: ignoring JPA class transformer
2026-01-21 19:29:32 - HikariPool-1 - Starting...
2026-01-21 19:29:32 - HikariPool-1 - Added connection org.postgresql.jdbc.PgConnection@450d10cb
2026-01-21 19:29:32 - HikariPool-1 - Start completed.
2026-01-21 19:29:32 - HHH90000025: PostgreSQLDialect does not need to be specified explicitly using 'hibernate.dialect' (remove the property setting and it will be selected by default)
2026-01-21 19:29:32 - HHH10001005: Database info:
	Database JDBC URL [jdbc:postgresql://localhost:5432/nexusgate]
	Database driver: PostgreSQL JDBC Driver
	Database dialect: PostgreSQLDialect
	Database version: 17.7
	Default catalog/schema: nexusgate/public
	Autocommit mode: undefined/unknown
	Isolation level: READ_COMMITTED [default READ_COMMITTED]
	JDBC fetch size: none
	Pool: DataSourceConnectionProvider
	Minimum pool size: undefined/unknown
	Maximum pool size: undefined/unknown
2026-01-21 19:29:32 - HHH000489: No JTA platform available (set 'hibernate.transaction.jta.platform' to enable JTA platform integration)
2026-01-21 19:29:32 - Initialized JPA EntityManagerFactory for persistence unit 'default'
2026-01-21 19:29:32 - Hibernate is in classpath; If applicable, HQL parser will be used.
2026-01-21 19:29:32 - Exposing 3 endpoints beneath base path '/actuator'
2026-01-21 19:29:32 - Tomcat started on port 8082 (http) with context path '/'
2026-01-21 19:29:32 - Started ConfigServiceApplication in 1.551 seconds (process running for 1.668)
2026-01-21 19:30:19 - Initializing Spring DispatcherServlet 'dispatcherServlet'
2026-01-21 19:30:19 - Initializing Servlet 'dispatcherServlet'
2026-01-21 19:30:19 - Completed initialization in 1 ms
2026-01-21 19:58:30 - HikariPool-1 - Thread starvation or clock leap detected (housekeeper delta=15m28s422ms).
2026-01-21 20:05:39 - HikariPool-1 - Thread starvation or clock leap detected (housekeeper delta=2m38s958ms).
2026-01-21 20:07:31 - 
    select
        sr1_0.id,
        sr1_0.allowed_methods,
        sr1_0.auth_required,
        sr1_0.auth_type,
        sr1_0.created_at,
        sr1_0.created_by_user_id,
        sr1_0.custom_headers,
        sr1_0.is_active,
        sr1_0.notes,
        sr1_0.public_path,
        sr1_0.rate_limit_enabled,
        sr1_0.rate_limit_per_hour,
        sr1_0.rate_limit_per_minute,
        sr1_0.requires_api_key,
        sr1_0.service_description,
        sr1_0.service_name,
        sr1_0.target_url,
        sr1_0.timeout_ms,
        sr1_0.updated_at 
    from
        service_routes sr1_0 
    where
        sr1_0.is_active=true
Hibernate: 
    select
        sr1_0.id,
        sr1_0.allowed_methods,
        sr1_0.auth_required,
        sr1_0.auth_type,
        sr1_0.created_at,
        sr1_0.created_by_user_id,
        sr1_0.custom_headers,
        sr1_0.is_active,
        sr1_0.notes,
        sr1_0.public_path,
        sr1_0.rate_limit_enabled,
        sr1_0.rate_limit_per_hour,
        sr1_0.rate_limit_per_minute,
        sr1_0.requires_api_key,
        sr1_0.service_description,
        sr1_0.service_name,
        sr1_0.target_url,
        sr1_0.timeout_ms,
        sr1_0.updated_at 
    from
        service_routes sr1_0 
    where
        sr1_0.is_active=true
2026-01-21 20:07:32 - 
    select
        ak1_0.id,
        ak1_0.client_company,
        ak1_0.client_email,
        ak1_0.client_name,
        ak1_0.created_at,
        ak1_0.created_by_user_id,
        ak1_0.expires_at,
        ak1_0.is_active,
        ak1_0.key_name,
        ak1_0.key_value,
        ak1_0.last_used_at,
        ak1_0.notes 
    from
        api_keys ak1_0 
    where
        ak1_0.key_value=?
Hibernate: 
    select
        ak1_0.id,
        ak1_0.client_company,
        ak1_0.client_email,
        ak1_0.client_name,
        ak1_0.created_at,
        ak1_0.created_by_user_id,
        ak1_0.expires_at,
        ak1_0.is_active,
        ak1_0.key_name,
        ak1_0.key_value,
        ak1_0.last_used_at,
        ak1_0.notes 
    from
        api_keys ak1_0 
    where
        ak1_0.key_value=?
2026-01-21 20:07:32 - 
    select
        ak1_0.id,
        ak1_0.client_company,
        ak1_0.client_email,
        ak1_0.client_name,
        ak1_0.created_at,
        ak1_0.created_by_user_id,
        ak1_0.expires_at,
        ak1_0.is_active,
        ak1_0.key_name,
        ak1_0.key_value,
        ak1_0.last_used_at,
        ak1_0.notes 
    from
        api_keys ak1_0 
    where
        ak1_0.id=?
Hibernate: 
    select
        ak1_0.id,
        ak1_0.client_company,
        ak1_0.client_email,
        ak1_0.client_name,
        ak1_0.created_at,
        ak1_0.created_by_user_id,
        ak1_0.expires_at,
        ak1_0.is_active,
        ak1_0.key_name,
        ak1_0.key_value,
        ak1_0.last_used_at,
        ak1_0.notes 
    from
        api_keys ak1_0 
    where
        ak1_0.id=?
2026-01-21 20:07:32 - 
    update
        api_keys 
    set
        client_company=?,
        client_email=?,
        client_name=?,
        created_by_user_id=?,
        expires_at=?,
        is_active=?,
        key_name=?,
        key_value=?,
        last_used_at=?,
        notes=? 
    where
        id=?
Hibernate: 
    update
        api_keys 
    set
        client_company=?,
        client_email=?,
        client_name=?,
        created_by_user_id=?,
        expires_at=?,
        is_active=?,
        key_name=?,
        key_value=?,
        last_used_at=?,
        notes=? 
    where
        id=?
2026-01-21 20:07:32 - 
    select
        sr1_0.id,
        sr1_0.allowed_methods,
        sr1_0.auth_required,
        sr1_0.auth_type,
        sr1_0.created_at,
        sr1_0.created_by_user_id,
        sr1_0.custom_headers,
        sr1_0.is_active,
        sr1_0.notes,
        sr1_0.public_path,
        sr1_0.rate_limit_enabled,
        sr1_0.rate_limit_per_hour,
        sr1_0.rate_limit_per_minute,
        sr1_0.requires_api_key,
        sr1_0.service_description,
        sr1_0.service_name,
        sr1_0.target_url,
        sr1_0.timeout_ms,
        sr1_0.updated_at 
    from
        service_routes sr1_0 
    where
        sr1_0.is_active=true
Hibernate: 
    select
        sr1_0.id,
        sr1_0.allowed_methods,
        sr1_0.auth_required,
        sr1_0.auth_type,
        sr1_0.created_at,
        sr1_0.created_by_user_id,
        sr1_0.custom_headers,
        sr1_0.is_active,
        sr1_0.notes,
        sr1_0.public_path,
        sr1_0.rate_limit_enabled,
        sr1_0.rate_limit_per_hour,
        sr1_0.rate_limit_per_minute,
        sr1_0.requires_api_key,
        sr1_0.service_description,
        sr1_0.service_name,
        sr1_0.target_url,
        sr1_0.timeout_ms,
        sr1_0.updated_at 
    from
        service_routes sr1_0 
    where
        sr1_0.is_active=true
2026-01-21 20:07:32 - 
    select
        ak1_0.id,
        ak1_0.client_company,
        ak1_0.client_email,
        ak1_0.client_name,
        ak1_0.created_at,
        ak1_0.created_by_user_id,
        ak1_0.expires_at,
        ak1_0.is_active,
        ak1_0.key_name,
        ak1_0.key_value,
        ak1_0.last_used_at,
        ak1_0.notes 
    from
        api_keys ak1_0 
    where
        ak1_0.key_value=?
Hibernate: 
    select
        ak1_0.id,
        ak1_0.client_company,
        ak1_0.client_email,
        ak1_0.client_name,
        ak1_0.created_at,
        ak1_0.created_by_user_id,
        ak1_0.expires_at,
        ak1_0.is_active,
        ak1_0.key_name,
        ak1_0.key_value,
        ak1_0.last_used_at,
        ak1_0.notes 
    from
        api_keys ak1_0 
    where
        ak1_0.key_value=?
2026-01-21 20:07:32 - 
    select
        ak1_0.id,
        ak1_0.client_company,
        ak1_0.client_email,
        ak1_0.client_name,
        ak1_0.created_at,
        ak1_0.created_by_user_id,
        ak1_0.expires_at,
        ak1_0.is_active,
        ak1_0.key_name,
        ak1_0.key_value,
        ak1_0.last_used_at,
        ak1_0.notes 
    from
        api_keys ak1_0 
    where
        ak1_0.id=?
Hibernate: 
    select
        ak1_0.id,
        ak1_0.client_company,
        ak1_0.client_email,
        ak1_0.client_name,
        ak1_0.created_at,
        ak1_0.created_by_user_id,
        ak1_0.expires_at,
        ak1_0.is_active,
        ak1_0.key_name,
        ak1_0.key_value,
        ak1_0.last_used_at,
        ak1_0.notes 
    from
        api_keys ak1_0 
    where
        ak1_0.id=?
2026-01-21 20:07:32 - 
    update
        api_keys 
    set
        client_company=?,
        client_email=?,
        client_name=?,
        created_by_user_id=?,
        expires_at=?,
        is_active=?,
        key_name=?,
        key_value=?,
        last_used_at=?,
        notes=? 
    where
        id=?
Hibernate: 
    update
        api_keys 
    set
        client_company=?,
        client_email=?,
        client_name=?,
        created_by_user_id=?,
        expires_at=?,
        is_active=?,
        key_name=?,
        key_value=?,
        last_used_at=?,
        notes=? 
    where
        id=?
2026-01-21 20:07:32 - 
    select
        sr1_0.id,
        sr1_0.allowed_methods,
        sr1_0.auth_required,
        sr1_0.auth_type,
        sr1_0.created_at,
        sr1_0.created_by_user_id,
        sr1_0.custom_headers,
        sr1_0.is_active,
        sr1_0.notes,
        sr1_0.public_path,
        sr1_0.rate_limit_enabled,
        sr1_0.rate_limit_per_hour,
        sr1_0.rate_limit_per_minute,
        sr1_0.requires_api_key,
        sr1_0.service_description,
        sr1_0.service_name,
        sr1_0.target_url,
        sr1_0.timeout_ms,
        sr1_0.updated_at 
    from
        service_routes sr1_0 
    where
        sr1_0.is_active=true
Hibernate: 
    select
        sr1_0.id,
        sr1_0.allowed_methods,
        sr1_0.auth_required,
        sr1_0.auth_type,
        sr1_0.created_at,
        sr1_0.created_by_user_id,
        sr1_0.custom_headers,
        sr1_0.is_active,
        sr1_0.notes,
        sr1_0.public_path,
        sr1_0.rate_limit_enabled,
        sr1_0.rate_limit_per_hour,
        sr1_0.rate_limit_per_minute,
        sr1_0.requires_api_key,
        sr1_0.service_description,
        sr1_0.service_name,
        sr1_0.target_url,
        sr1_0.timeout_ms,
        sr1_0.updated_at 
    from
        service_routes sr1_0 
    where
        sr1_0.is_active=true
2026-01-21 20:07:32 - 
    select
        ak1_0.id,
        ak1_0.client_company,
        ak1_0.client_email,
        ak1_0.client_name,
        ak1_0.created_at,
        ak1_0.created_by_user_id,
        ak1_0.expires_at,
        ak1_0.is_active,
        ak1_0.key_name,
        ak1_0.key_value,
        ak1_0.last_used_at,
        ak1_0.notes 
    from
        api_keys ak1_0 
    where
        ak1_0.key_value=?
Hibernate: 
    select
        ak1_0.id,
        ak1_0.client_company,
        ak1_0.client_email,
        ak1_0.client_name,
        ak1_0.created_at,
        ak1_0.created_by_user_id,
        ak1_0.expires_at,
        ak1_0.is_active,
        ak1_0.key_name,
        ak1_0.key_value,
        ak1_0.last_used_at,
        ak1_0.notes 
    from
        api_keys ak1_0 
    where
        ak1_0.key_value=?
2026-01-21 20:07:32 - 
    select
        ak1_0.id,
        ak1_0.client_company,
        ak1_0.client_email,
        ak1_0.client_name,
        ak1_0.created_at,
        ak1_0.created_by_user_id,
        ak1_0.expires_at,
        ak1_0.is_active,
        ak1_0.key_name,
        ak1_0.key_value,
        ak1_0.last_used_at,
        ak1_0.notes 
    from
        api_keys ak1_0 
    where
        ak1_0.id=?
Hibernate: 
    select
        ak1_0.id,
        ak1_0.client_company,
        ak1_0.client_email,
        ak1_0.client_name,
        ak1_0.created_at,
        ak1_0.created_by_user_id,
        ak1_0.expires_at,
        ak1_0.is_active,
        ak1_0.key_name,
        ak1_0.key_value,
        ak1_0.last_used_at,
        ak1_0.notes 
    from
        api_keys ak1_0 
    where
        ak1_0.id=?
2026-01-21 20:07:32 - 
    update
        api_keys 
    set
        client_company=?,
        client_email=?,
        client_name=?,
        created_by_user_id=?,
        expires_at=?,
        is_active=?,
        key_name=?,
        key_value=?,
        last_used_at=?,
        notes=? 
    where
        id=?
Hibernate: 
    update
        api_keys 
    set
        client_company=?,
        client_email=?,
        client_name=?,
        created_by_user_id=?,
        expires_at=?,
        is_active=?,
        key_name=?,
        key_value=?,
        last_used_at=?,
        notes=? 
    where
        id=?
2026-01-21 20:07:32 - 
    select
        sr1_0.id,
        sr1_0.allowed_methods,
        sr1_0.auth_required,
        sr1_0.auth_type,
        sr1_0.created_at,
        sr1_0.created_by_user_id,
        sr1_0.custom_headers,
        sr1_0.is_active,
        sr1_0.notes,
        sr1_0.public_path,
        sr1_0.rate_limit_enabled,
        sr1_0.rate_limit_per_hour,
        sr1_0.rate_limit_per_minute,
        sr1_0.requires_api_key,
        sr1_0.service_description,
        sr1_0.service_name,
        sr1_0.target_url,
        sr1_0.timeout_ms,
        sr1_0.updated_at 
    from
        service_routes sr1_0 
    where
        sr1_0.is_active=true
Hibernate: 
    select
        sr1_0.id,
        sr1_0.allowed_methods,
        sr1_0.auth_required,
        sr1_0.auth_type,
        sr1_0.created_at,
        sr1_0.created_by_user_id,
        sr1_0.custom_headers,
        sr1_0.is_active,
        sr1_0.notes,
        sr1_0.public_path,
        sr1_0.rate_limit_enabled,
        sr1_0.rate_limit_per_hour,
        sr1_0.rate_limit_per_minute,
        sr1_0.requires_api_key,
        sr1_0.service_description,
        sr1_0.service_name,
        sr1_0.target_url,
        sr1_0.timeout_ms,
        sr1_0.updated_at 
    from
        service_routes sr1_0 
    where
        sr1_0.is_active=true
2026-01-21 20:07:32 - 
    select
        ak1_0.id,
        ak1_0.client_company,
        ak1_0.client_email,
        ak1_0.client_name,
        ak1_0.created_at,
        ak1_0.created_by_user_id,
        ak1_0.expires_at,
        ak1_0.is_active,
        ak1_0.key_name,
        ak1_0.key_value,
        ak1_0.last_used_at,
        ak1_0.notes 
    from
        api_keys ak1_0 
    where
        ak1_0.key_value=?
Hibernate: 
    select
        ak1_0.id,
        ak1_0.client_company,
        ak1_0.client_email,
        ak1_0.client_name,
        ak1_0.created_at,
        ak1_0.created_by_user_id,
        ak1_0.expires_at,
        ak1_0.is_active,
        ak1_0.key_name,
        ak1_0.key_value,
        ak1_0.last_used_at,
        ak1_0.notes 
    from
        api_keys ak1_0 
    where
        ak1_0.key_value=?
2026-01-21 20:07:32 - 
    select
        ak1_0.id,
        ak1_0.client_company,
        ak1_0.client_email,
        ak1_0.client_name,
        ak1_0.created_at,
        ak1_0.created_by_user_id,
        ak1_0.expires_at,
        ak1_0.is_active,
        ak1_0.key_name,
        ak1_0.key_value,
        ak1_0.last_used_at,
        ak1_0.notes 
    from
        api_keys ak1_0 
    where
        ak1_0.id=?
Hibernate: 
    select
        ak1_0.id,
        ak1_0.client_company,
        ak1_0.client_email,
        ak1_0.client_name,
        ak1_0.created_at,
        ak1_0.created_by_user_id,
        ak1_0.expires_at,
        ak1_0.is_active,
        ak1_0.key_name,
        ak1_0.key_value,
        ak1_0.last_used_at,
        ak1_0.notes 
    from
        api_keys ak1_0 
    where
        ak1_0.id=?
2026-01-21 20:07:32 - 
    update
        api_keys 
    set
        client_company=?,
        client_email=?,
        client_name=?,
        created_by_user_id=?,
        expires_at=?,
        is_active=?,
        key_name=?,
        key_value=?,
        last_used_at=?,
        notes=? 
    where
        id=?
Hibernate: 
    update
        api_keys 
    set
        client_company=?,
        client_email=?,
        client_name=?,
        created_by_user_id=?,
        expires_at=?,
        is_active=?,
        key_name=?,
        key_value=?,
        last_used_at=?,
        notes=? 
    where
        id=?
2026-01-21 20:07:32 - 
    select
        sr1_0.id,
        sr1_0.allowed_methods,
        sr1_0.auth_required,
        sr1_0.auth_type,
        sr1_0.created_at,
        sr1_0.created_by_user_id,
        sr1_0.custom_headers,
        sr1_0.is_active,
        sr1_0.notes,
        sr1_0.public_path,
        sr1_0.rate_limit_enabled,
        sr1_0.rate_limit_per_hour,
        sr1_0.rate_limit_per_minute,
        sr1_0.requires_api_key,
        sr1_0.service_description,
        sr1_0.service_name,
        sr1_0.target_url,
        sr1_0.timeout_ms,
        sr1_0.updated_at 
    from
        service_routes sr1_0 
    where
        sr1_0.is_active=true
Hibernate: 
    select
        sr1_0.id,
        sr1_0.allowed_methods,
        sr1_0.auth_required,
        sr1_0.auth_type,
        sr1_0.created_at,
        sr1_0.created_by_user_id,
        sr1_0.custom_headers,
        sr1_0.is_active,
        sr1_0.notes,
        sr1_0.public_path,
        sr1_0.rate_limit_enabled,
        sr1_0.rate_limit_per_hour,
        sr1_0.rate_limit_per_minute,
        sr1_0.requires_api_key,
        sr1_0.service_description,
        sr1_0.service_name,
        sr1_0.target_url,
        sr1_0.timeout_ms,
        sr1_0.updated_at 
    from
        service_routes sr1_0 
    where
        sr1_0.is_active=true
2026-01-21 20:07:32 - 
    select
        ak1_0.id,
        ak1_0.client_company,
        ak1_0.client_email,
        ak1_0.client_name,
        ak1_0.created_at,
        ak1_0.created_by_user_id,
        ak1_0.expires_at,
        ak1_0.is_active,
        ak1_0.key_name,
        ak1_0.key_value,
        ak1_0.last_used_at,
        ak1_0.notes 
    from
        api_keys ak1_0 
    where
        ak1_0.key_value=?
Hibernate: 
    select
        ak1_0.id,
        ak1_0.client_company,
        ak1_0.client_email,
        ak1_0.client_name,
        ak1_0.created_at,
        ak1_0.created_by_user_id,
        ak1_0.expires_at,
        ak1_0.is_active,
        ak1_0.key_name,
        ak1_0.key_value,
        ak1_0.last_used_at,
        ak1_0.notes 
    from
        api_keys ak1_0 
    where
        ak1_0.key_value=?
2026-01-21 20:07:32 - 
    select
        ak1_0.id,
        ak1_0.client_company,
        ak1_0.client_email,
        ak1_0.client_name,
        ak1_0.created_at,
        ak1_0.created_by_user_id,
        ak1_0.expires_at,
        ak1_0.is_active,
        ak1_0.key_name,
        ak1_0.key_value,
        ak1_0.last_used_at,
        ak1_0.notes 
    from
        api_keys ak1_0 
    where
        ak1_0.id=?
Hibernate: 
    select
        ak1_0.id,
        ak1_0.client_company,
        ak1_0.client_email,
        ak1_0.client_name,
        ak1_0.created_at,
        ak1_0.created_by_user_id,
        ak1_0.expires_at,
        ak1_0.is_active,
        ak1_0.key_name,
        ak1_0.key_value,
        ak1_0.last_used_at,
        ak1_0.notes 
    from
        api_keys ak1_0 
    where
        ak1_0.id=?
2026-01-21 20:07:32 - 
    update
        api_keys 
    set
        client_company=?,
        client_email=?,
        client_name=?,
        created_by_user_id=?,
        expires_at=?,
        is_active=?,
        key_name=?,
        key_value=?,
        last_used_at=?,
        notes=? 
    where
        id=?
Hibernate: 
    update
        api_keys 
    set
        client_company=?,
        client_email=?,
        client_name=?,
        created_by_user_id=?,
        expires_at=?,
        is_active=?,
        key_name=?,
        key_value=?,
        last_used_at=?,
        notes=? 
    where
        id=?
2026-01-21 20:09:18 - 
    select
        sr1_0.id,
        sr1_0.allowed_methods,
        sr1_0.auth_required,
        sr1_0.auth_type,
        sr1_0.created_at,
        sr1_0.created_by_user_id,
        sr1_0.custom_headers,
        sr1_0.is_active,
        sr1_0.notes,
        sr1_0.public_path,
        sr1_0.rate_limit_enabled,
        sr1_0.rate_limit_per_hour,
        sr1_0.rate_limit_per_minute,
        sr1_0.requires_api_key,
        sr1_0.service_description,
        sr1_0.service_name,
        sr1_0.target_url,
        sr1_0.timeout_ms,
        sr1_0.updated_at 
    from
        service_routes sr1_0 
    where
        sr1_0.is_active=true
Hibernate: 
    select
        sr1_0.id,
        sr1_0.allowed_methods,
        sr1_0.auth_required,
        sr1_0.auth_type,
        sr1_0.created_at,
        sr1_0.created_by_user_id,
        sr1_0.custom_headers,
        sr1_0.is_active,
        sr1_0.notes,
        sr1_0.public_path,
        sr1_0.rate_limit_enabled,
        sr1_0.rate_limit_per_hour,
        sr1_0.rate_limit_per_minute,
        sr1_0.requires_api_key,
        sr1_0.service_description,
        sr1_0.service_name,
        sr1_0.target_url,
        sr1_0.timeout_ms,
        sr1_0.updated_at 
    from
        service_routes sr1_0 
    where
        sr1_0.is_active=true
2026-01-21 20:09:18 - 
    select
        ak1_0.id,
        ak1_0.client_company,
        ak1_0.client_email,
        ak1_0.client_name,
        ak1_0.created_at,
        ak1_0.created_by_user_id,
        ak1_0.expires_at,
        ak1_0.is_active,
        ak1_0.key_name,
        ak1_0.key_value,
        ak1_0.last_used_at,
        ak1_0.notes 
    from
        api_keys ak1_0 
    where
        ak1_0.key_value=?
Hibernate: 
    select
        ak1_0.id,
        ak1_0.client_company,
        ak1_0.client_email,
        ak1_0.client_name,
        ak1_0.created_at,
        ak1_0.created_by_user_id,
        ak1_0.expires_at,
        ak1_0.is_active,
        ak1_0.key_name,
        ak1_0.key_value,
        ak1_0.last_used_at,
        ak1_0.notes 
    from
        api_keys ak1_0 
    where
        ak1_0.key_value=?
2026-01-21 20:09:18 - 
    select
        ak1_0.id,
        ak1_0.client_company,
        ak1_0.client_email,
        ak1_0.client_name,
        ak1_0.created_at,
        ak1_0.created_by_user_id,
        ak1_0.expires_at,
        ak1_0.is_active,
        ak1_0.key_name,
        ak1_0.key_value,
        ak1_0.last_used_at,
        ak1_0.notes 
    from
        api_keys ak1_0 
    where
        ak1_0.id=?
Hibernate: 
    select
        ak1_0.id,
        ak1_0.client_company,
        ak1_0.client_email,
        ak1_0.client_name,
        ak1_0.created_at,
        ak1_0.created_by_user_id,
        ak1_0.expires_at,
        ak1_0.is_active,
        ak1_0.key_name,
        ak1_0.key_value,
        ak1_0.last_used_at,
        ak1_0.notes 
    from
        api_keys ak1_0 
    where
        ak1_0.id=?
2026-01-21 20:09:18 - 
    update
        api_keys 
    set
        client_company=?,
        client_email=?,
        client_name=?,
        created_by_user_id=?,
        expires_at=?,
        is_active=?,
        key_name=?,
        key_value=?,
        last_used_at=?,
        notes=? 
    where
        id=?
Hibernate: 
    update
        api_keys 
    set
        client_company=?,
        client_email=?,
        client_name=?,
        created_by_user_id=?,
        expires_at=?,
        is_active=?,
        key_name=?,
        key_value=?,
        last_used_at=?,
        notes=? 
    where
        id=?
2026-01-21 21:13:35 - 
    select
        ak1_0.id,
        ak1_0.client_company,
        ak1_0.client_email,
        ak1_0.client_name,
        ak1_0.created_at,
        ak1_0.created_by_user_id,
        ak1_0.expires_at,
        ak1_0.is_active,
        ak1_0.key_name,
        ak1_0.key_value,
        ak1_0.last_used_at,
        ak1_0.notes 
    from
        api_keys ak1_0
2026-01-21 21:13:35 - 
    select
        rl1_0.id,
        rl1_0.api_key_id,
        rl1_0.created_at,
        rl1_0.is_active,
        rl1_0.notes,
        rl1_0.requests_per_day,
        rl1_0.requests_per_hour,
        rl1_0.requests_per_minute,
        rl1_0.service_route_id,
        rl1_0.updated_at 
    from
        rate_limits rl1_0
Hibernate: 
    select
        ak1_0.id,
        ak1_0.client_company,
        ak1_0.client_email,
        ak1_0.client_name,
        ak1_0.created_at,
        ak1_0.created_by_user_id,
        ak1_0.expires_at,
        ak1_0.is_active,
        ak1_0.key_name,
        ak1_0.key_value,
        ak1_0.last_used_at,
        ak1_0.notes 
    from
        api_keys ak1_0
2026-01-21 21:13:35 - 
    select
        ak1_0.id,
        ak1_0.client_company,
        ak1_0.client_email,
        ak1_0.client_name,
        ak1_0.created_at,
        ak1_0.created_by_user_id,
        ak1_0.expires_at,
        ak1_0.is_active,
        ak1_0.key_name,
        ak1_0.key_value,
        ak1_0.last_used_at,
        ak1_0.notes 
    from
        api_keys ak1_0
Hibernate: 
    select
        rl1_0.id,
        rl1_0.api_key_id,
        rl1_0.created_at,
        rl1_0.is_active,
        rl1_0.notes,
        rl1_0.requests_per_day,
        rl1_0.requests_per_hour,
        rl1_0.requests_per_minute,
        rl1_0.service_route_id,
        rl1_0.updated_at 
    from
        rate_limits rl1_0
Hibernate: 
    select
        ak1_0.id,
        ak1_0.client_company,
        ak1_0.client_email,
        ak1_0.client_name,
        ak1_0.created_at,
        ak1_0.created_by_user_id,
        ak1_0.expires_at,
        ak1_0.is_active,
        ak1_0.key_name,
        ak1_0.key_value,
        ak1_0.last_used_at,
        ak1_0.notes 
    from
        api_keys ak1_0
2026-01-21 21:13:35 - 
    select
        rl1_0.id,
        rl1_0.api_key_id,
        rl1_0.created_at,
        rl1_0.is_active,
        rl1_0.notes,
        rl1_0.requests_per_day,
        rl1_0.requests_per_hour,
        rl1_0.requests_per_minute,
        rl1_0.service_route_id,
        rl1_0.updated_at 
    from
        rate_limits rl1_0
Hibernate: 
    select
        rl1_0.id,
        rl1_0.api_key_id,
        rl1_0.created_at,
        rl1_0.is_active,
        rl1_0.notes,
        rl1_0.requests_per_day,
        rl1_0.requests_per_hour,
        rl1_0.requests_per_minute,
        rl1_0.service_route_id,
        rl1_0.updated_at 
    from
        rate_limits rl1_0
2026-01-21 21:13:35 - 
    select
        sr1_0.id,
        sr1_0.allowed_methods,
        sr1_0.auth_required,
        sr1_0.auth_type,
        sr1_0.created_at,
        sr1_0.created_by_user_id,
        sr1_0.custom_headers,
        sr1_0.is_active,
        sr1_0.notes,
        sr1_0.public_path,
        sr1_0.rate_limit_enabled,
        sr1_0.rate_limit_per_hour,
        sr1_0.rate_limit_per_minute,
        sr1_0.requires_api_key,
        sr1_0.service_description,
        sr1_0.service_name,
        sr1_0.target_url,
        sr1_0.timeout_ms,
        sr1_0.updated_at 
    from
        service_routes sr1_0
Hibernate: 
    select
        sr1_0.id,
        sr1_0.allowed_methods,
        sr1_0.auth_required,
        sr1_0.auth_type,
        sr1_0.created_at,
        sr1_0.created_by_user_id,
        sr1_0.custom_headers,
        sr1_0.is_active,
        sr1_0.notes,
        sr1_0.public_path,
        sr1_0.rate_limit_enabled,
        sr1_0.rate_limit_per_hour,
        sr1_0.rate_limit_per_minute,
        sr1_0.requires_api_key,
        sr1_0.service_description,
        sr1_0.service_name,
        sr1_0.target_url,
        sr1_0.timeout_ms,
        sr1_0.updated_at 
    from
        service_routes sr1_0
2026-01-21 21:13:35 - 
    select
        sr1_0.id,
        sr1_0.allowed_methods,
        sr1_0.auth_required,
        sr1_0.auth_type,
        sr1_0.created_at,
        sr1_0.created_by_user_id,
        sr1_0.custom_headers,
        sr1_0.is_active,
        sr1_0.notes,
        sr1_0.public_path,
        sr1_0.rate_limit_enabled,
        sr1_0.rate_limit_per_hour,
        sr1_0.rate_limit_per_minute,
        sr1_0.requires_api_key,
        sr1_0.service_description,
        sr1_0.service_name,
        sr1_0.target_url,
        sr1_0.timeout_ms,
        sr1_0.updated_at 
    from
        service_routes sr1_0
Hibernate: 
    select
        sr1_0.id,
        sr1_0.allowed_methods,
        sr1_0.auth_required,
        sr1_0.auth_type,
        sr1_0.created_at,
        sr1_0.created_by_user_id,
        sr1_0.custom_headers,
        sr1_0.is_active,
        sr1_0.notes,
        sr1_0.public_path,
        sr1_0.rate_limit_enabled,
        sr1_0.rate_limit_per_hour,
        sr1_0.rate_limit_per_minute,
        sr1_0.requires_api_key,
        sr1_0.service_description,
        sr1_0.service_name,
        sr1_0.target_url,
        sr1_0.timeout_ms,
        sr1_0.updated_at 
    from
        service_routes sr1_0
2026-01-21 23:40:50 - Commencing graceful shutdown. Waiting for active requests to complete
2026-01-21 23:40:50 - Graceful shutdown complete
2026-01-21 23:40:50 - Closing JPA EntityManagerFactory for persistence unit 'default'
2026-01-21 23:40:50 - HikariPool-1 - Shutdown initiated...
2026-01-21 23:40:50 - HikariPool-1 - Shutdown completed.
