[INFO] Scanning for projects...
[INFO] 
[INFO] ----------------< com.nexusgate:mock-backend-services >-----------------
[INFO] Building backend-service 0.0.1-SNAPSHOT
[INFO]   from pom.xml
[INFO] --------------------------------[ jar ]---------------------------------
[INFO] 
[INFO] >>> spring-boot:4.0.1:run (default-cli) > test-compile @ mock-backend-services >>>
[INFO] 
[INFO] --- resources:3.3.1:resources (default-resources) @ mock-backend-services ---
[INFO] Copying 1 resource from src/main/resources to target/classes
[INFO] Copying 0 resource from src/main/resources to target/classes
[INFO] 
[INFO] --- compiler:3.14.1:compile (default-compile) @ mock-backend-services ---
[INFO] Nothing to compile - all classes are up to date.
[INFO] 
[INFO] --- resources:3.3.1:testResources (default-testResources) @ mock-backend-services ---
[INFO] skip non existing resourceDirectory /Users/krish/Desktop/NexusGate-ApiGateway/backend/mock-backend-services/src/test/resources
[INFO] 
[INFO] --- compiler:3.14.1:testCompile (default-testCompile) @ mock-backend-services ---
[INFO] Nothing to compile - all classes are up to date.
[INFO] 
[INFO] <<< spring-boot:4.0.1:run (default-cli) < test-compile @ mock-backend-services <<<
[INFO] 
[INFO] 
[INFO] --- spring-boot:4.0.1:run (default-cli) @ mock-backend-services ---
[INFO] Attaching agents: []

  .   ____          _            __ _ _
 /\\ / ___'_ __ _ _(_)_ __  __ _ \ \ \ \
( ( )\___ | '_ | '_| | '_ \/ _` | \ \ \ \
 \\/  ___)| |_)| | | | | || (_| |  ) ) ) )
  '  |____| .__|_| |_|_| |_\__, | / / / /
 =========|_|==============|___/=/_/_/_/

 :: Spring Boot ::                (v4.0.1)

2026-01-21T19:29:38.258+05:30  INFO 87805 --- [backend-service] [           main] c.n.b.BackendServiceApplication          : Starting BackendServiceApplication using Java 21.0.9 with PID 87805 (/Users/krish/Desktop/NexusGate-ApiGateway/backend/mock-backend-services/target/classes started by krish in /Users/krish/Desktop/NexusGate-ApiGateway/backend/mock-backend-services)
2026-01-21T19:29:38.259+05:30  INFO 87805 --- [backend-service] [           main] c.n.b.BackendServiceApplication          : No active profile set, falling back to 1 default profile: "default"
2026-01-21T19:29:38.510+05:30  INFO 87805 --- [backend-service] [           main] o.s.boot.tomcat.TomcatWebServer          : Tomcat initialized with port 8091 (http)
2026-01-21T19:29:38.514+05:30  INFO 87805 --- [backend-service] [           main] o.apache.catalina.core.StandardService   : Starting service [Tomcat]
2026-01-21T19:29:38.514+05:30  INFO 87805 --- [backend-service] [           main] o.apache.catalina.core.StandardEngine    : Starting Servlet engine: [Apache Tomcat/11.0.15]
2026-01-21T19:29:38.526+05:30  INFO 87805 --- [backend-service] [           main] b.w.c.s.WebApplicationContextInitializer : Root WebApplicationContext: initialization completed in 253 ms
2026-01-21T19:29:38.574+05:30  INFO 87805 --- [backend-service] [           main] c.n.b.controller.OrderController         : Initialized order-service with 3 mock orders
2026-01-21T19:29:38.574+05:30  INFO 87805 --- [backend-service] [           main] c.n.b.controller.PaymentController       : Initialized payment-service with 3 mock payments
2026-01-21T19:29:38.575+05:30  INFO 87805 --- [backend-service] [           main] c.n.b.controller.UserController          : Initialized user-service with 3 mock users
2026-01-21T19:29:38.668+05:30  INFO 87805 --- [backend-service] [           main] o.s.b.a.e.web.EndpointLinksResolver      : Exposing 3 endpoints beneath base path '/actuator'
2026-01-21T19:29:38.685+05:30  INFO 87805 --- [backend-service] [           main] o.s.boot.tomcat.TomcatWebServer          : Tomcat started on port 8091 (http) with context path '/'
2026-01-21T19:29:38.687+05:30  INFO 87805 --- [backend-service] [           main] c.n.b.BackendServiceApplication          : Started BackendServiceApplication in 0.545 seconds (process running for 0.65)
2026-01-21T19:30:19.230+05:30  INFO 87805 --- [backend-service] [nio-8091-exec-1] o.a.c.c.C.[Tomcat].[localhost].[/]       : Initializing Spring DispatcherServlet 'dispatcherServlet'
2026-01-21T19:30:19.230+05:30  INFO 87805 --- [backend-service] [nio-8091-exec-1] o.s.web.servlet.DispatcherServlet        : Initializing Servlet 'dispatcherServlet'
2026-01-21T19:30:19.231+05:30  INFO 87805 --- [backend-service] [nio-8091-exec-1] o.s.web.servlet.DispatcherServlet        : Completed initialization in 1 ms
2026-01-21T20:07:32.171+05:30  INFO 87805 --- [backend-service] [nio-8091-exec-4] c.n.b.controller.UserController          : Fetching all users, count: 3
2026-01-21T20:07:32.262+05:30  INFO 87805 --- [backend-service] [nio-8091-exec-5] c.n.b.controller.UserController          : Fetching all users, count: 3
2026-01-21T20:07:32.434+05:30  INFO 87805 --- [backend-service] [nio-8091-exec-6] c.n.b.controller.UserController          : Fetching all users, count: 3
2026-01-21T20:07:32.537+05:30  INFO 87805 --- [backend-service] [nio-8091-exec-7] c.n.b.controller.UserController          : Fetching all users, count: 3
2026-01-21T20:07:32.654+05:30  INFO 87805 --- [backend-service] [nio-8091-exec-8] c.n.b.controller.UserController          : Fetching all users, count: 3
2026-01-21T20:09:18.425+05:30  INFO 87805 --- [backend-service] [io-8091-exec-10] c.n.b.controller.UserController          : Fetching all users, count: 3
2026-01-21T23:40:50.842+05:30  INFO 87805 --- [backend-service] [ionShutdownHook] o.s.boot.tomcat.GracefulShutdown         : Commencing graceful shutdown. Waiting for active requests to complete
2026-01-21T23:40:50.891+05:30  INFO 87805 --- [backend-service] [tomcat-shutdown] o.s.boot.tomcat.GracefulShutdown         : Graceful shutdown complete
