[INFO] Scanning for projects...
[INFO] 
[INFO] ------------------< com.nexusgate:Analytics-service >-------------------
[INFO] Building Analytics-service 0.0.1-SNAPSHOT
[INFO]   from pom.xml
[INFO] --------------------------------[ jar ]---------------------------------
[INFO] 
[INFO] >>> spring-boot:4.0.1:run (default-cli) > test-compile @ Analytics-service >>>
[INFO] 
[INFO] --- resources:3.3.1:resources (default-resources) @ Analytics-service ---
[INFO] Copying 1 resource from src/main/resources to target/classes
[INFO] Copying 0 resource from src/main/resources to target/classes
[INFO] 
[INFO] --- compiler:3.14.1:compile (default-compile) @ Analytics-service ---
[INFO] Nothing to compile - all classes are up to date.
[INFO] 
[INFO] --- resources:3.3.1:testResources (default-testResources) @ Analytics-service ---
[INFO] skip non existing resourceDirectory /Users/krish/Desktop/NexusGate-ApiGateway/backend/Analytics-service/src/test/resources
[INFO] 
[INFO] --- compiler:3.14.1:testCompile (default-testCompile) @ Analytics-service ---
[INFO] Nothing to compile - all classes are up to date.
[INFO] 
[INFO] <<< spring-boot:4.0.1:run (default-cli) < test-compile @ Analytics-service <<<
[INFO] 
[INFO] 
[INFO] --- spring-boot:4.0.1:run (default-cli) @ Analytics-service ---
[INFO] Attaching agents: []

  .   ____          _            __ _ _
 /\\ / ___'_ __ _ _(_)_ __  __ _ \ \ \ \
( ( )\___ | '_ | '_| | '_ \/ _` | \ \ \ \
 \\/  ___)| |_)| | | | | || (_| |  ) ) ) )
  '  |____| .__|_| |_|_| |_\__, | / / / /
 =========|_|==============|___/=/_/_/_/

 :: Spring Boot ::                (v4.0.1)

2026-01-21T15:23:30.335+05:30  INFO 39613 --- [analytics-service] [           main] c.n.A.AnalyticsServiceApplication        : Starting AnalyticsServiceApplication using Java 21.0.9 with PID 39613 (/Users/krish/Desktop/NexusGate-ApiGateway/backend/Analytics-service/target/classes started by krish in /Users/krish/Desktop/NexusGate-ApiGateway/backend/Analytics-service)
2026-01-21T15:23:30.337+05:30  INFO 39613 --- [analytics-service] [           main] c.n.A.AnalyticsServiceApplication        : No active profile set, falling back to 1 default profile: "default"
2026-01-21T15:23:30.532+05:30  INFO 39613 --- [analytics-service] [           main] .s.d.r.c.RepositoryConfigurationDelegate : Bootstrapping Spring Data JPA repositories in DEFAULT mode.
2026-01-21T15:23:30.545+05:30  INFO 39613 --- [analytics-service] [           main] .s.d.r.c.RepositoryConfigurationDelegate : Finished Spring Data repository scanning in 10 ms. Found 2 JPA repository interfaces.
2026-01-21T15:23:30.674+05:30  INFO 39613 --- [analytics-service] [           main] o.s.boot.tomcat.TomcatWebServer          : Tomcat initialized with port 8085 (http)
2026-01-21T15:23:30.678+05:30  INFO 39613 --- [analytics-service] [           main] o.apache.catalina.core.StandardService   : Starting service [Tomcat]
2026-01-21T15:23:30.678+05:30  INFO 39613 --- [analytics-service] [           main] o.apache.catalina.core.StandardEngine    : Starting Servlet engine: [Apache Tomcat/11.0.15]
2026-01-21T15:23:30.690+05:30  INFO 39613 --- [analytics-service] [           main] b.w.c.s.WebApplicationContextInitializer : Root WebApplicationContext: initialization completed in 340 ms
2026-01-21T15:23:30.763+05:30  INFO 39613 --- [analytics-service] [           main] org.hibernate.orm.jpa                    : HHH008540: Processing PersistenceUnitInfo [name: default]
2026-01-21T15:23:30.776+05:30  INFO 39613 --- [analytics-service] [           main] org.hibernate.orm.core                   : HHH000001: Hibernate ORM core version 7.2.0.Final
2026-01-21T15:23:30.891+05:30  INFO 39613 --- [analytics-service] [           main] o.s.o.j.p.SpringPersistenceUnitInfo      : No LoadTimeWeaver setup: ignoring JPA class transformer
2026-01-21T15:23:30.904+05:30  INFO 39613 --- [analytics-service] [           main] com.zaxxer.hikari.HikariDataSource       : HikariPool-1 - Starting...
2026-01-21T15:23:30.959+05:30  INFO 39613 --- [analytics-service] [           main] com.zaxxer.hikari.pool.HikariPool        : HikariPool-1 - Added connection org.postgresql.jdbc.PgConnection@3a69014e
2026-01-21T15:23:30.959+05:30  INFO 39613 --- [analytics-service] [           main] com.zaxxer.hikari.HikariDataSource       : HikariPool-1 - Start completed.
2026-01-21T15:23:30.970+05:30  WARN 39613 --- [analytics-service] [           main] org.hibernate.orm.deprecation            : HHH90000025: PostgreSQLDialect does not need to be specified explicitly using 'hibernate.dialect' (remove the property setting and it will be selected by default)
2026-01-21T15:23:30.979+05:30  INFO 39613 --- [analytics-service] [           main] org.hibernate.orm.connections.pooling    : HHH10001005: Database info:
	Database JDBC URL [jdbc:postgresql://localhost:5432/nexusgate]
	Database driver: PostgreSQL JDBC Driver
	Database dialect: PostgreSQLDialect
	Database version: 17.7
	Default catalog/schema: nexusgate/public
	Autocommit mode: undefined/unknown
	Isolation level: READ_COMMITTED [default READ_COMMITTED]
	JDBC fetch size: none
	Pool: DataSourceConnectionProvider
	Minimum pool size: undefined/unknown
	Maximum pool size: undefined/unknown
2026-01-21T15:23:31.229+05:30  INFO 39613 --- [analytics-service] [           main] org.hibernate.orm.core                   : HHH000489: No JTA platform available (set 'hibernate.transaction.jta.platform' to enable JTA platform integration)
2026-01-21T15:23:31.266+05:30  INFO 39613 --- [analytics-service] [           main] j.LocalContainerEntityManagerFactoryBean : Initialized JPA EntityManagerFactory for persistence unit 'default'
2026-01-21T15:23:31.291+05:30  INFO 39613 --- [analytics-service] [           main] o.s.d.j.r.query.QueryEnhancerFactories   : Hibernate is in classpath; If applicable, HQL parser will be used.
2026-01-21T15:23:31.683+05:30  WARN 39613 --- [analytics-service] [           main] JpaBaseConfiguration$JpaWebConfiguration : spring.jpa.open-in-view is enabled by default. Therefore, database queries may be performed during view rendering. Explicitly configure spring.jpa.open-in-view to disable this warning
2026-01-21T15:23:31.806+05:30  INFO 39613 --- [analytics-service] [           main] o.s.b.a.e.web.EndpointLinksResolver      : Exposing 3 endpoints beneath base path '/actuator'
2026-01-21T15:23:31.829+05:30  INFO 39613 --- [analytics-service] [           main] o.s.boot.tomcat.TomcatWebServer          : Tomcat started on port 8085 (http) with context path '/'
2026-01-21T15:23:31.832+05:30  INFO 39613 --- [analytics-service] [           main] c.n.A.AnalyticsServiceApplication        : Started AnalyticsServiceApplication in 1.614 seconds (process running for 1.721)
2026-01-21T15:24:05.337+05:30  INFO 39613 --- [analytics-service] [nio-8085-exec-1] o.a.c.c.C.[Tomcat].[localhost].[/]       : Initializing Spring DispatcherServlet 'dispatcherServlet'
2026-01-21T15:24:05.338+05:30  INFO 39613 --- [analytics-service] [nio-8085-exec-1] o.s.web.servlet.DispatcherServlet        : Initializing Servlet 'dispatcherServlet'
2026-01-21T15:24:05.339+05:30  INFO 39613 --- [analytics-service] [nio-8085-exec-1] o.s.web.servlet.DispatcherServlet        : Completed initialization in 1 ms
2026-01-21T15:24:32.659+05:30  WARN 39613 --- [analytics-service] [nio-8085-exec-4] .w.s.m.s.DefaultHandlerExceptionResolver : Resolved [org.springframework.web.bind.MethodArgumentNotValidException: Validation failed for argument [0] in public org.springframework.http.ResponseEntity<java.util.Map<java.lang.String, java.lang.String>> com.nexusgate.Analytics_service.controller.LogController.receiveLog(com.nexusgate.Analytics_service.dto.LogEventRequest) with 5 errors: [Field error in object 'logEventRequest' on field 'method': rejected value [null]; codes [NotBlank.logEventRequest.method,NotBlank.method,NotBlank.java.lang.String,NotBlank]; arguments [org.springframework.context.support.DefaultMessageSourceResolvable: codes [logEventRequest.method,method]; arguments []; default message [method]]; default message [method is required]] [Field error in object 'logEventRequest' on field 'rateLimited': rejected value [null]; codes [NotNull.logEventRequest.rateLimited,NotNull.rateLimited,NotNull.java.lang.Boolean,NotNull]; arguments [org.springframework.context.support.DefaultMessageSourceResolvable: codes [logEventRequest.rateLimited,rateLimited]; arguments []; default message [rateLimited]]; default message [rateLimited is required]] [Field error in object 'logEventRequest' on field 'path': rejected value [null]; codes [NotBlank.logEventRequest.path,NotBlank.path,NotBlank.java.lang.String,NotBlank]; arguments [org.springframework.context.support.DefaultMessageSourceResolvable: codes [logEventRequest.path,path]; arguments []; default message [path]]; default message [path is required]] [Field error in object 'logEventRequest' on field 'timestamp': rejected value [null]; codes [NotBlank.logEventRequest.timestamp,NotBlank.timestamp,NotBlank.java.lang.String,NotBlank]; arguments [org.springframework.context.support.DefaultMessageSourceResolvable: codes [logEventRequest.timestamp,timestamp]; arguments []; default message [timestamp]]; default message [timestamp is required]] [Field error in object 'logEventRequest' on field 'latencyMs': rejected value [null]; codes [NotNull.logEventRequest.latencyMs,NotNull.latencyMs,NotNull.java.lang.Long,NotNull]; arguments [org.springframework.context.support.DefaultMessageSourceResolvable: codes [logEventRequest.latencyMs,latencyMs]; arguments []; default message [latencyMs]]; default message [latencyMs is required]] ]
2026-01-21T15:24:50.372+05:30  WARN 39613 --- [analytics-service] [nio-8085-exec-5] .w.s.m.s.DefaultHandlerExceptionResolver : Resolved [org.springframework.web.bind.MethodArgumentNotValidException: Validation failed for argument [0] in public org.springframework.http.ResponseEntity<java.util.Map<java.lang.String, java.lang.String>> com.nexusgate.Analytics_service.controller.LogController.receiveLog(com.nexusgate.Analytics_service.dto.LogEventRequest) with 5 errors: [Field error in object 'logEventRequest' on field 'rateLimited': rejected value [null]; codes [NotNull.logEventRequest.rateLimited,NotNull.rateLimited,NotNull.java.lang.Boolean,NotNull]; arguments [org.springframework.context.support.DefaultMessageSourceResolvable: codes [logEventRequest.rateLimited,rateLimited]; arguments []; default message [rateLimited]]; default message [rateLimited is required]] [Field error in object 'logEventRequest' on field 'method': rejected value [null]; codes [NotBlank.logEventRequest.method,NotBlank.method,NotBlank.java.lang.String,NotBlank]; arguments [org.springframework.context.support.DefaultMessageSourceResolvable: codes [logEventRequest.method,method]; arguments []; default message [method]]; default message [method is required]] [Field error in object 'logEventRequest' on field 'path': rejected value [null]; codes [NotBlank.logEventRequest.path,NotBlank.path,NotBlank.java.lang.String,NotBlank]; arguments [org.springframework.context.support.DefaultMessageSourceResolvable: codes [logEventRequest.path,path]; arguments []; default message [path]]; default message [path is required]] [Field error in object 'logEventRequest' on field 'timestamp': rejected value [null]; codes [NotBlank.logEventRequest.timestamp,NotBlank.timestamp,NotBlank.java.lang.String,NotBlank]; arguments [org.springframework.context.support.DefaultMessageSourceResolvable: codes [logEventRequest.timestamp,timestamp]; arguments []; default message [timestamp]]; default message [timestamp is required]] [Field error in object 'logEventRequest' on field 'latencyMs': rejected value [null]; codes [NotNull.logEventRequest.latencyMs,NotNull.latencyMs,NotNull.java.lang.Long,NotNull]; arguments [org.springframework.context.support.DefaultMessageSourceResolvable: codes [logEventRequest.latencyMs,latencyMs]; arguments []; default message [latencyMs]]; default message [latencyMs is required]] ]
2026-01-21T15:27:50.982+05:30  WARN 39613 --- [analytics-service] [nio-8085-exec-6] .w.s.m.s.DefaultHandlerExceptionResolver : Resolved [org.springframework.web.bind.MethodArgumentNotValidException: Validation failed for argument [0] in public org.springframework.http.ResponseEntity<java.util.Map<java.lang.String, java.lang.String>> com.nexusgate.Analytics_service.controller.LogController.receiveLog(com.nexusgate.Analytics_service.dto.LogEventRequest) with 5 errors: [Field error in object 'logEventRequest' on field 'latencyMs': rejected value [null]; codes [NotNull.logEventRequest.latencyMs,NotNull.latencyMs,NotNull.java.lang.Long,NotNull]; arguments [org.springframework.context.support.DefaultMessageSourceResolvable: codes [logEventRequest.latencyMs,latencyMs]; arguments []; default message [latencyMs]]; default message [latencyMs is required]] [Field error in object 'logEventRequest' on field 'rateLimited': rejected value [null]; codes [NotNull.logEventRequest.rateLimited,NotNull.rateLimited,NotNull.java.lang.Boolean,NotNull]; arguments [org.springframework.context.support.DefaultMessageSourceResolvable: codes [logEventRequest.rateLimited,rateLimited]; arguments []; default message [rateLimited]]; default message [rateLimited is required]] [Field error in object 'logEventRequest' on field 'method': rejected value [null]; codes [NotBlank.logEventRequest.method,NotBlank.method,NotBlank.java.lang.String,NotBlank]; arguments [org.springframework.context.support.DefaultMessageSourceResolvable: codes [logEventRequest.method,method]; arguments []; default message [method]]; default message [method is required]] [Field error in object 'logEventRequest' on field 'path': rejected value [null]; codes [NotBlank.logEventRequest.path,NotBlank.path,NotBlank.java.lang.String,NotBlank]; arguments [org.springframework.context.support.DefaultMessageSourceResolvable: codes [logEventRequest.path,path]; arguments []; default message [path]]; default message [path is required]] [Field error in object 'logEventRequest' on field 'timestamp': rejected value [null]; codes [NotBlank.logEventRequest.timestamp,NotBlank.timestamp,NotBlank.java.lang.String,NotBlank]; arguments [org.springframework.context.support.DefaultMessageSourceResolvable: codes [logEventRequest.timestamp,timestamp]; arguments []; default message [timestamp]]; default message [timestamp is required]] ]
2026-01-21T15:27:52.080+05:30  WARN 39613 --- [analytics-service] [nio-8085-exec-7] .w.s.m.s.DefaultHandlerExceptionResolver : Resolved [org.springframework.web.bind.MethodArgumentNotValidException: Validation failed for argument [0] in public org.springframework.http.ResponseEntity<java.util.Map<java.lang.String, java.lang.String>> com.nexusgate.Analytics_service.controller.LogController.receiveLog(com.nexusgate.Analytics_service.dto.LogEventRequest) with 5 errors: [Field error in object 'logEventRequest' on field 'rateLimited': rejected value [null]; codes [NotNull.logEventRequest.rateLimited,NotNull.rateLimited,NotNull.java.lang.Boolean,NotNull]; arguments [org.springframework.context.support.DefaultMessageSourceResolvable: codes [logEventRequest.rateLimited,rateLimited]; arguments []; default message [rateLimited]]; default message [rateLimited is required]] [Field error in object 'logEventRequest' on field 'method': rejected value [null]; codes [NotBlank.logEventRequest.method,NotBlank.method,NotBlank.java.lang.String,NotBlank]; arguments [org.springframework.context.support.DefaultMessageSourceResolvable: codes [logEventRequest.method,method]; arguments []; default message [method]]; default message [method is required]] [Field error in object 'logEventRequest' on field 'path': rejected value [null]; codes [NotBlank.logEventRequest.path,NotBlank.path,NotBlank.java.lang.String,NotBlank]; arguments [org.springframework.context.support.DefaultMessageSourceResolvable: codes [logEventRequest.path,path]; arguments []; default message [path]]; default message [path is required]] [Field error in object 'logEventRequest' on field 'latencyMs': rejected value [null]; codes [NotNull.logEventRequest.latencyMs,NotNull.latencyMs,NotNull.java.lang.Long,NotNull]; arguments [org.springframework.context.support.DefaultMessageSourceResolvable: codes [logEventRequest.latencyMs,latencyMs]; arguments []; default message [latencyMs]]; default message [latencyMs is required]] [Field error in object 'logEventRequest' on field 'timestamp': rejected value [null]; codes [NotBlank.logEventRequest.timestamp,NotBlank.timestamp,NotBlank.java.lang.String,NotBlank]; arguments [org.springframework.context.support.DefaultMessageSourceResolvable: codes [logEventRequest.timestamp,timestamp]; arguments []; default message [timestamp]]; default message [timestamp is required]] ]
2026-01-21T15:27:53.205+05:30  WARN 39613 --- [analytics-service] [nio-8085-exec-8] .w.s.m.s.DefaultHandlerExceptionResolver : Resolved [org.springframework.web.bind.MethodArgumentNotValidException: Validation failed for argument [0] in public org.springframework.http.ResponseEntity<java.util.Map<java.lang.String, java.lang.String>> com.nexusgate.Analytics_service.controller.LogController.receiveLog(com.nexusgate.Analytics_service.dto.LogEventRequest) with 5 errors: [Field error in object 'logEventRequest' on field 'path': rejected value [null]; codes [NotBlank.logEventRequest.path,NotBlank.path,NotBlank.java.lang.String,NotBlank]; arguments [org.springframework.context.support.DefaultMessageSourceResolvable: codes [logEventRequest.path,path]; arguments []; default message [path]]; default message [path is required]] [Field error in object 'logEventRequest' on field 'rateLimited': rejected value [null]; codes [NotNull.logEventRequest.rateLimited,NotNull.rateLimited,NotNull.java.lang.Boolean,NotNull]; arguments [org.springframework.context.support.DefaultMessageSourceResolvable: codes [logEventRequest.rateLimited,rateLimited]; arguments []; default message [rateLimited]]; default message [rateLimited is required]] [Field error in object 'logEventRequest' on field 'latencyMs': rejected value [null]; codes [NotNull.logEventRequest.latencyMs,NotNull.latencyMs,NotNull.java.lang.Long,NotNull]; arguments [org.springframework.context.support.DefaultMessageSourceResolvable: codes [logEventRequest.latencyMs,latencyMs]; arguments []; default message [latencyMs]]; default message [latencyMs is required]] [Field error in object 'logEventRequest' on field 'method': rejected value [null]; codes [NotBlank.logEventRequest.method,NotBlank.method,NotBlank.java.lang.String,NotBlank]; arguments [org.springframework.context.support.DefaultMessageSourceResolvable: codes [logEventRequest.method,method]; arguments []; default message [method]]; default message [method is required]] [Field error in object 'logEventRequest' on field 'timestamp': rejected value [null]; codes [NotBlank.logEventRequest.timestamp,NotBlank.timestamp,NotBlank.java.lang.String,NotBlank]; arguments [org.springframework.context.support.DefaultMessageSourceResolvable: codes [logEventRequest.timestamp,timestamp]; arguments []; default message [timestamp]]; default message [timestamp is required]] ]
2026-01-21T16:17:50.763+05:30  WARN 39613 --- [analytics-service] [l-1:housekeeper] com.zaxxer.hikari.pool.HikariPool        : HikariPool-1 - Thread starvation or clock leap detected (housekeeper delta=17m49s411ms).
2026-01-21T16:38:12.263+05:30  WARN 39613 --- [analytics-service] [l-1:housekeeper] com.zaxxer.hikari.pool.HikariPool        : HikariPool-1 - Thread starvation or clock leap detected (housekeeper delta=20m21s501ms).
2026-01-21T16:57:50.179+05:30  WARN 39613 --- [analytics-service] [l-1:housekeeper] com.zaxxer.hikari.pool.HikariPool        : HikariPool-1 - Thread starvation or clock leap detected (housekeeper delta=19m7s914ms).
2026-01-21T17:30:28.888+05:30  WARN 39613 --- [analytics-service] [l-1:housekeeper] com.zaxxer.hikari.pool.HikariPool        : HikariPool-1 - Thread starvation or clock leap detected (housekeeper delta=32m38s709ms).
2026-01-21T17:31:22.973+05:30  WARN 39613 --- [analytics-service] [l-1:housekeeper] com.zaxxer.hikari.pool.HikariPool        : HikariPool-1 - Thread starvation or clock leap detected (housekeeper delta=54s84ms).
2026-01-21T17:43:32.118+05:30  WARN 39613 --- [analytics-service] [l-1:housekeeper] com.zaxxer.hikari.pool.HikariPool        : HikariPool-1 - Thread starvation or clock leap detected (housekeeper delta=12m9s146ms).
2026-01-21T19:58:31.488+05:30  WARN 39613 --- [analytics-service] [l-1:housekeeper] com.zaxxer.hikari.pool.HikariPool        : HikariPool-1 - Thread starvation or clock leap detected (housekeeper delta=15m28s432ms).
2026-01-21T20:05:40.499+05:30  WARN 39613 --- [analytics-service] [l-1:housekeeper] com.zaxxer.hikari.pool.HikariPool        : HikariPool-1 - Thread starvation or clock leap detected (housekeeper delta=2m38s957ms).
2026-01-21T20:09:32.963+05:30  WARN 39613 --- [analytics-service] [io-8085-exec-10] ration$PageModule$WarningLoggingModifier : Serializing PageImpl instances as-is is not supported, meaning that there is no guarantee about the stability of the resulting JSON structure!
	For a stable JSON structure, please use Spring Data's PagedModel (globally via @EnableSpringDataWebSupport(pageSerializationMode = VIA_DTO))
	or Spring HATEOAS and Spring Data's PagedResourcesAssembler as documented in https://docs.spring.io/spring-data/commons/reference/repositories/core-extensions.html#core.web.pageables.

2026-01-21T20:28:13.973+05:30  WARN 39613 --- [analytics-service] [nio-8085-exec-6] .w.s.m.s.DefaultHandlerExceptionResolver : Resolved [org.springframework.http.converter.HttpMessageNotReadableException: Required request body is missing: public org.springframework.http.ResponseEntity<java.util.Map<java.lang.String, java.lang.String>> com.nexusgate.Analytics_service.controller.LogController.receiveLog(com.nexusgate.Analytics_service.dto.LogEventRequest)]
2026-01-21T20:29:13.324+05:30  WARN 39613 --- [analytics-service] [nio-8085-exec-8] .w.s.m.s.DefaultHandlerExceptionResolver : Resolved [org.springframework.http.converter.HttpMessageNotReadableException: Required request body is missing: public org.springframework.http.ResponseEntity<java.util.Map<java.lang.String, java.lang.String>> com.nexusgate.Analytics_service.controller.LogController.receiveLog(com.nexusgate.Analytics_service.dto.LogEventRequest)]
2026-01-21T20:29:14.387+05:30  WARN 39613 --- [analytics-service] [io-8085-exec-10] .w.s.m.s.DefaultHandlerExceptionResolver : Resolved [org.springframework.http.converter.HttpMessageNotReadableException: Required request body is missing: public org.springframework.http.ResponseEntity<java.util.Map<java.lang.String, java.lang.String>> com.nexusgate.Analytics_service.controller.LogController.receiveLog(com.nexusgate.Analytics_service.dto.LogEventRequest)]
2026-01-21T20:29:14.838+05:30  WARN 39613 --- [analytics-service] [nio-8085-exec-2] .w.s.m.s.DefaultHandlerExceptionResolver : Resolved [org.springframework.http.converter.HttpMessageNotReadableException: Required request body is missing: public org.springframework.http.ResponseEntity<java.util.Map<java.lang.String, java.lang.String>> com.nexusgate.Analytics_service.controller.LogController.receiveLog(com.nexusgate.Analytics_service.dto.LogEventRequest)]
2026-01-21T20:29:15.220+05:30  WARN 39613 --- [analytics-service] [nio-8085-exec-4] .w.s.m.s.DefaultHandlerExceptionResolver : Resolved [org.springframework.http.converter.HttpMessageNotReadableException: Required request body is missing: public org.springframework.http.ResponseEntity<java.util.Map<java.lang.String, java.lang.String>> com.nexusgate.Analytics_service.controller.LogController.receiveLog(com.nexusgate.Analytics_service.dto.LogEventRequest)]
2026-01-21T20:30:11.685+05:30  WARN 39613 --- [analytics-service] [nio-8085-exec-6] .w.s.m.s.DefaultHandlerExceptionResolver : Resolved [org.springframework.http.converter.HttpMessageNotReadableException: Required request body is missing: public org.springframework.http.ResponseEntity<java.util.Map<java.lang.String, java.lang.String>> com.nexusgate.Analytics_service.controller.LogController.receiveLog(com.nexusgate.Analytics_service.dto.LogEventRequest)]
2026-01-21T20:30:13.285+05:30  WARN 39613 --- [analytics-service] [nio-8085-exec-8] .w.s.m.s.DefaultHandlerExceptionResolver : Resolved [org.springframework.http.converter.HttpMessageNotReadableException: Required request body is missing: public org.springframework.http.ResponseEntity<java.util.Map<java.lang.String, java.lang.String>> com.nexusgate.Analytics_service.controller.LogController.receiveLog(com.nexusgate.Analytics_service.dto.LogEventRequest)]
2026-01-21T20:31:39.004+05:30  WARN 39613 --- [analytics-service] [nio-8085-exec-4] .w.s.m.s.DefaultHandlerExceptionResolver : Resolved [org.springframework.http.converter.HttpMessageNotReadableException: Required request body is missing: public org.springframework.http.ResponseEntity<java.util.Map<java.lang.String, java.lang.String>> com.nexusgate.Analytics_service.controller.LogController.receiveLog(com.nexusgate.Analytics_service.dto.LogEventRequest)]
2026-01-21T20:31:39.863+05:30  WARN 39613 --- [analytics-service] [nio-8085-exec-5] .w.s.m.s.DefaultHandlerExceptionResolver : Resolved [org.springframework.http.converter.HttpMessageNotReadableException: Required request body is missing: public org.springframework.http.ResponseEntity<java.util.Map<java.lang.String, java.lang.String>> com.nexusgate.Analytics_service.controller.LogController.receiveLog(com.nexusgate.Analytics_service.dto.LogEventRequest)]
2026-01-21T20:31:40.503+05:30  WARN 39613 --- [analytics-service] [nio-8085-exec-8] .w.s.m.s.DefaultHandlerExceptionResolver : Resolved [org.springframework.http.converter.HttpMessageNotReadableException: Required request body is missing: public org.springframework.http.ResponseEntity<java.util.Map<java.lang.String, java.lang.String>> com.nexusgate.Analytics_service.controller.LogController.receiveLog(com.nexusgate.Analytics_service.dto.LogEventRequest)]
2026-01-21T21:07:25.771+05:30  WARN 39613 --- [analytics-service] [nio-8085-exec-4] .w.s.m.s.DefaultHandlerExceptionResolver : Resolved [org.springframework.http.converter.HttpMessageNotReadableException: Required request body is missing: public org.springframework.http.ResponseEntity<java.util.Map<java.lang.String, java.lang.String>> com.nexusgate.Analytics_service.controller.LogController.receiveLog(com.nexusgate.Analytics_service.dto.LogEventRequest)]
2026-01-21T22:39:16.490+05:30  INFO 39613 --- [analytics-service] [ionShutdownHook] o.s.boot.tomcat.GracefulShutdown         : Commencing graceful shutdown. Waiting for active requests to complete
2026-01-21T22:39:16.494+05:30  INFO 39613 --- [analytics-service] [tomcat-shutdown] o.s.boot.tomcat.GracefulShutdown         : Graceful shutdown complete
2026-01-21T22:39:16.498+05:30  INFO 39613 --- [analytics-service] [ionShutdownHook] j.LocalContainerEntityManagerFactoryBean : Closing JPA EntityManagerFactory for persistence unit 'default'
2026-01-21T22:39:16.501+05:30  INFO 39613 --- [analytics-service] [ionShutdownHook] com.zaxxer.hikari.HikariDataSource       : HikariPool-1 - Shutdown initiated...
2026-01-21T22:39:16.502+05:30  INFO 39613 --- [analytics-service] [ionShutdownHook] com.zaxxer.hikari.HikariDataSource       : HikariPool-1 - Shutdown completed.
